<?xml version="1.0" encoding="UTF-8"?>
<!-- Generated by org.testng.reporters.JUnitXMLReporter -->
<testsuite hostname="DESKTOP-4M7933J" ignored="0" name="test" tests="4" failures="4" timestamp="12 Aug 2018 15:03:28 GMT" time="66.097" errors="0">
  <testcase name="feature" time="27.406" classname="cucumber.api.testng.AbstractTestNGCucumberTests">
    <failure type="cucumber.runtime.CucumberException" message="java.io.FileNotFoundException: F:\WorkSpace\Automations\Automations\src\test\resources\configuration\confi.properties (The system cannot find the path specified)">
      <![CDATA[cucumber.runtime.CucumberException: java.io.FileNotFoundException: F:\WorkSpace\Automations\Automations\src\test\resources\configuration\confi.properties (The system cannot find the path specified)
	at cucumber.api.testng.TestNGCucumberRunner.runCucumber(TestNGCucumberRunner.java:69)
	at cucumber.api.testng.AbstractTestNGCucumberTests.feature(AbstractTestNGCucumberTests.java:21)
Caused by: java.io.FileNotFoundException: F:\WorkSpace\Automations\Automations\src\test\resources\configuration\confi.properties (The system cannot find the path specified)
	at java.io.FileInputStream.open0(Native Method)
	at java.io.FileInputStream.open(Unknown Source)
	at java.io.FileInputStream.<init>(Unknown Source)
	at java.io.FileInputStream.<init>(Unknown Source)
	at java.io.FileReader.<init>(Unknown Source)
	at actions.Common.getValue(Common.java:74)
	at stepDefinition.Case1_2Scenario.open_the_One_Size_item_in_browser(Case1_2Scenario.java:38)
	at ✽.When Open the One Size item in browser(Case1.2.feature:7)
... Removed 25 stack frames]]>
    </failure>
  </testcase> <!-- feature -->
  <testcase name="feature" time="7.609" classname="cucumber.api.testng.AbstractTestNGCucumberTests">
    <failure type="cucumber.runtime.CucumberException" message="java.io.FileNotFoundException: F:\WorkSpace\Automations\Automations\src\test\resources\configuration\confi.properties (The system cannot find the path specified)">
      <![CDATA[cucumber.runtime.CucumberException: java.io.FileNotFoundException: F:\WorkSpace\Automations\Automations\src\test\resources\configuration\confi.properties (The system cannot find the path specified)
	at cucumber.api.testng.TestNGCucumberRunner.runCucumber(TestNGCucumberRunner.java:69)
	at cucumber.api.testng.AbstractTestNGCucumberTests.feature(AbstractTestNGCucumberTests.java:21)
Caused by: java.io.FileNotFoundException: F:\WorkSpace\Automations\Automations\src\test\resources\configuration\confi.properties (The system cannot find the path specified)
	at java.io.FileInputStream.open0(Native Method)
	at java.io.FileInputStream.open(Unknown Source)
	at java.io.FileInputStream.<init>(Unknown Source)
	at java.io.FileInputStream.<init>(Unknown Source)
	at java.io.FileReader.<init>(Unknown Source)
	at actions.Common.getValue(Common.java:74)
	at actions.Case1Action.clickSignUpLink(Case1Action.java:20)
	at stepDefinition.Case1Scenario.create_An_Account_page(Case1Scenario.java:22)
	at ✽.Given Create An Account page(Case1.feature:7)
... Removed 25 stack frames]]>
    </failure>
  </testcase> <!-- feature -->
  <testcase name="feature" time="7.684" classname="cucumber.api.testng.AbstractTestNGCucumberTests">
    <failure type="cucumber.runtime.CucumberException" message="java.io.FileNotFoundException: F:\WorkSpace\Automations\Automations\src\test\resources\configuration\confi.properties (The system cannot find the path specified)">
      <![CDATA[cucumber.runtime.CucumberException: java.io.FileNotFoundException: F:\WorkSpace\Automations\Automations\src\test\resources\configuration\confi.properties (The system cannot find the path specified)
	at cucumber.api.testng.TestNGCucumberRunner.runCucumber(TestNGCucumberRunner.java:69)
	at cucumber.api.testng.AbstractTestNGCucumberTests.feature(AbstractTestNGCucumberTests.java:21)
Caused by: java.io.FileNotFoundException: F:\WorkSpace\Automations\Automations\src\test\resources\configuration\confi.properties (The system cannot find the path specified)
	at java.io.FileInputStream.open0(Native Method)
	at java.io.FileInputStream.open(Unknown Source)
	at java.io.FileInputStream.<init>(Unknown Source)
	at java.io.FileInputStream.<init>(Unknown Source)
	at java.io.FileReader.<init>(Unknown Source)
	at actions.Common.getValue(Common.java:74)
	at stepDefinition.Case2_2Scenario.url_to_open_the_product_listing(Case2_2Scenario.java:29)
	at ✽.Given URL to open the product listing(Case2.2.feature:8)
... Removed 25 stack frames]]>
    </failure>
  </testcase> <!-- feature -->
  <testcase name="feature" time="10.05" classname="cucumber.api.testng.AbstractTestNGCucumberTests">
    <failure type="cucumber.runtime.CucumberException" message="java.io.FileNotFoundException: F:\WorkSpace\Automations\Automations\src\test\resources\configuration\confi.properties (The system cannot find the path specified)">
      <![CDATA[cucumber.runtime.CucumberException: java.io.FileNotFoundException: F:\WorkSpace\Automations\Automations\src\test\resources\configuration\confi.properties (The system cannot find the path specified)
	at cucumber.api.testng.TestNGCucumberRunner.runCucumber(TestNGCucumberRunner.java:69)
	at cucumber.api.testng.AbstractTestNGCucumberTests.feature(AbstractTestNGCucumberTests.java:21)
Caused by: java.io.FileNotFoundException: F:\WorkSpace\Automations\Automations\src\test\resources\configuration\confi.properties (The system cannot find the path specified)
	at java.io.FileInputStream.open0(Native Method)
	at java.io.FileInputStream.open(Unknown Source)
	at java.io.FileInputStream.<init>(Unknown Source)
	at java.io.FileInputStream.<init>(Unknown Source)
	at java.io.FileReader.<init>(Unknown Source)
	at actions.Common.getValue(Common.java:74)
	at stepDefinition.Case2_1Scenario.url_https_www_ounass_ae(Case2_1Scenario.java:26)
	at ✽.Given URL https://www.ounass.ae/(Case2.feature:7)
... Removed 25 stack frames]]>
    </failure>
  </testcase> <!-- feature -->
</testsuite> <!-- test -->
